akilometer2018123/app/build/outputs/logs/manifest-merger-debug-report.txt
-- Merging decision tree log ---
manifest
ADDED from src\main\AndroidManifest.xml:2:1-21:12
INJECTED from src\main\AndroidManifest.xml:2:1-21:12
INJECTED from src\main\AndroidManifest.xml:2:1-21:12
INJECTED from src\main\AndroidManifest.xml:2:1-21:12
MERGED from [:mylibrary] AndroidManifest.xml:2:1-13:12
MERGED from [cc.solart:turbo-recyclerview-helper:1.0.3-beta] AndroidManifest.xml:2:1-17:12
MERGED from [liji.library.dev:citypickerview:0.9.0] AndroidManifest.xml:2:1-17:12
MERGED from [com.jcodecraeer:xrecyclerview:1.3.2] AndroidManifest.xml:2:1-13:12
MERGED from [com.android.support:design:28.0.0] AndroidManifest.xml:17:1-24:12
MERGED from [com.android.support:appcompat-v7:28.0.0] AndroidManifest.xml:17:1-22:12
MERGED from [com.github.CymChad:BaseRecyclerViewAdapterHelper:2.9.30] AndroidManifest.xml:2:1-11:12
MERGED from [org.xutils:xutils:3.3.36] AndroidManifest.xml:2:1-14:12
MERGED from [pub.devrel:easypermissions:1.0.1] AndroidManifest.xml:2:1-19:12
MERGED from [com.android.support:support-v4:28.0.0] AndroidManifest.xml:17:1-22:12
MERGED from [com.android.support:recyclerview-v7:28.0.0] AndroidManifest.xml:17:1-22:12
MERGED from [com.android.support:animated-vector-drawable:28.0.0] AndroidManifest.xml:17:1-22:12
MERGED from [com.github.bumptech.glide:glide:4.7.1] AndroidManifest.xml:2:1-13:12
MERGED from [com.android.support:support-fragment:28.0.0] AndroidManifest.xml:17:1-22:12
MERGED from [com.android.support:support-core-ui:28.0.0] AndroidManifest.xml:17:1-22:12
MERGED from [com.android.support:support-core-utils:28.0.0] AndroidManifest.xml:17:1-22:12
MERGED from [com.android.support:loader:28.0.0] AndroidManifest.xml:17:1-22:12
MERGED from [com.android.support:viewpager:28.0.0] AndroidManifest.xml:17:1-22:12
MERGED from [com.android.support:coordinatorlayout:28.0.0] AndroidManifest.xml:17:1-22:12
MERGED from [com.android.support:drawerlayout:28.0.0] AndroidManifest.xml:17:1-22:12
MERGED from [com.android.support:slidingpanelayout:28.0.0] AndroidManifest.xml:17:1-22:12
MERGED from [com.android.support:customview:28.0.0] AndroidManifest.xml:17:1-22:12
MERGED from [com.android.support:swiperefreshlayout:28.0.0] AndroidManifest.xml:17:1-22:12
MERGED from [com.android.support:asynclayoutinflater:28.0.0] AndroidManifest.xml:17:1-22:12
MERGED from [com.android.support:support-media-compat:28.0.0] AndroidManifest.xml:17:1-22:12
MERGED from [com.android.support:support-vector-drawable:28.0.0] AndroidManifest.xml:17:1-22:12
MERGED from [com.android.support:transition:28.0.0] AndroidManifest.xml:17:1-22:12
MERGED from [com.android.support:support-compat:28.0.0] AndroidManifest.xml:17:1-24:12
MERGED from [com.android.support:versionedparcelable:28.0.0] AndroidManifest.xml:17:1-25:12
MERGED from [com.android.support:cursoradapter:28.0.0] AndroidManifest.xml:17:1-22:12
MERGED from [android.arch.lifecycle:runtime:1.1.1] AndroidManifest.xml:17:1-22:12
MERGED from [com.android.support:documentfile:28.0.0] AndroidManifest.xml:17:1-22:12
MERGED from [com.android.support:localbroadcastmanager:28.0.0] AndroidManifest.xml:17:1-22:12
MERGED from [com.android.support:print:28.0.0] AndroidManifest.xml:17:1-22:12
MERGED from [android.arch.lifecycle:viewmodel:1.1.1] AndroidManifest.xml:17:1-22:12
MERGED from [com.android.support:interpolator:28.0.0] AndroidManifest.xml:17:1-22:12
MERGED from [android.arch.lifecycle:livedata:1.1.1] AndroidManifest.xml:17:1-22:12
MERGED from [android.arch.lifecycle:livedata-core:1.1.1] AndroidManifest.xml:17:1-22:12
MERGED from [android.arch.core:runtime:1.1.1] AndroidManifest.xml:17:1-22:12
MERGED from [com.android.support:cardview-v7:28.0.0] AndroidManifest.xml:17:1-22:12
MERGED from [com.github.bumptech.glide:gifdecoder:4.7.1] AndroidManifest.xml:2:1-11:12
MERGED from [com.jakewharton:butterknife:8.4.0] AndroidManifest.xml:2:1-7:12
MERGED from [cn.bingoogolapple:bga-qrcode-zxing:1.3.4] AndroidManifest.xml:2:1-9:12
MERGED from [cn.bingoogolapple:bga-qrcode-zbar:1.3.4] AndroidManifest.xml:2:1-9:12
MERGED from [cn.bingoogolapple:bga-photopicker:1.2.8] AndroidManifest.xml:2:1-50:12
MERGED from [cn.bingoogolapple:bga-baseadapter:1.2.9] AndroidManifest.xml:2:1-10:12
MERGED from [cn.bingoogolapple:bga-flowlayout:1.0.0] AndroidManifest.xml:2:1-10:12
MERGED from [com.facebook.fresco:fresco:1.3.0] AndroidManifest.xml:2:1-9:12
MERGED from [com.facebook.fresco:animated-gif:1.3.0] AndroidManifest.xml:2:1-9:12
MERGED from [com.squareup.leakcanary:leakcanary-android-no-op:1.5.1] AndroidManifest.xml:17:1-22:12
MERGED from [com.wang.avi:library:2.1.3] AndroidManifest.xml:2:1-11:12
MERGED from [com.githang:status-bar-compat:0.7] AndroidManifest.xml:2:1-14:12
MERGED from [io.reactivex:rxandroid:1.2.1] AndroidManifest.xml:15:1-21:12
MERGED from [com.aliyun.dpa:oss-android-sdk:2.9.2] AndroidManifest.xml:2:1-22:12
MERGED from [com.android.support:multidex:1.0.1] AndroidManifest.xml:16:1-19:12
MERGED from [cn.bingoogolapple:bga-qrcode-core:1.3.4] AndroidManifest.xml:2:1-19:12
MERGED from [com.facebook.fresco:drawee:1.3.0] AndroidManifest.xml:2:1-9:12
MERGED from [com.facebook.fresco:animated-base:1.3.0] AndroidManifest.xml:2:1-9:12
MERGED from [com.facebook.fresco:imagepipeline:1.3.0] AndroidManifest.xml:2:1-9:12
MERGED from [com.facebook.fresco:imagepipeline-base:1.3.0] AndroidManifest.xml:2:1-9:12
MERGED from [com.facebook.fresco:fbcore:1.3.0] AndroidManifest.xml:2:1-9:12
INJECTED from src\main\AndroidManifest.xml:2:1-21:12
INJECTED from src\main\AndroidManifest.xml:2:1-21:12
INJECTED from src\main\AndroidManifest.xml:2:1-21:12
	package
		ADDED from src\main\AndroidManifest.xml:3:5-46
		INJECTED from src\main\AndroidManifest.xml
		INJECTED from src\main\AndroidManifest.xml
	android:versionName
		INJECTED from src\main\AndroidManifest.xml
		ADDED from src\main\AndroidManifest.xml:2:1-21:12
		INJECTED from src\main\AndroidManifest.xml
	android:versionCode
		INJECTED from src\main\AndroidManifest.xml
		ADDED from src\main\AndroidManifest.xml:2:1-21:12
		INJECTED from src\main\AndroidManifest.xml
	xmlns:android
		ADDED from src\main\AndroidManifest.xml:2:11-69
application
ADDED from src\main\AndroidManifest.xml:5:5-19:19
MERGED from [cc.solart:turbo-recyclerview-helper:1.0.3-beta] AndroidManifest.xml:11:5-15:19
MERGED from [cc.solart:turbo-recyclerview-helper:1.0.3-beta] AndroidManifest.xml:11:5-15:19
MERGED from [liji.library.dev:citypickerview:0.9.0] AndroidManifest.xml:11:5-15:19
MERGED from [liji.library.dev:citypickerview:0.9.0] AndroidManifest.xml:11:5-15:19
MERGED from [com.jcodecraeer:xrecyclerview:1.3.2] AndroidManifest.xml:11:5-20
MERGED from [com.jcodecraeer:xrecyclerview:1.3.2] AndroidManifest.xml:11:5-20
MERGED from [com.android.support:design:28.0.0] AndroidManifest.xml:22:5-20
MERGED from [com.android.support:design:28.0.0] AndroidManifest.xml:22:5-20
MERGED from [org.xutils:xutils:3.3.36] AndroidManifest.xml:12:5-20
MERGED from [org.xutils:xutils:3.3.36] AndroidManifest.xml:12:5-20
MERGED from [pub.devrel:easypermissions:1.0.1] AndroidManifest.xml:11:5-17:19
MERGED from [pub.devrel:easypermissions:1.0.1] AndroidManifest.xml:11:5-17:19
MERGED from [com.github.bumptech.glide:glide:4.7.1] AndroidManifest.xml:11:5-20
MERGED from [com.github.bumptech.glide:glide:4.7.1] AndroidManifest.xml:11:5-20
MERGED from [com.android.support:support-compat:28.0.0] AndroidManifest.xml:22:5-94
MERGED from [com.android.support:support-compat:28.0.0] AndroidManifest.xml:22:5-94
MERGED from [com.android.support:versionedparcelable:28.0.0] AndroidManifest.xml:22:5-23:19
MERGED from [com.android.support:versionedparcelable:28.0.0] AndroidManifest.xml:22:5-23:19
MERGED from [com.github.bumptech.glide:gifdecoder:4.7.1] AndroidManifest.xml:9:5-20
MERGED from [com.github.bumptech.glide:gifdecoder:4.7.1] AndroidManifest.xml:9:5-20
MERGED from [cn.bingoogolapple:bga-photopicker:1.2.8] AndroidManifest.xml:13:5-48:19
MERGED from [cn.bingoogolapple:bga-photopicker:1.2.8] AndroidManifest.xml:13:5-48:19
MERGED from [com.githang:status-bar-compat:0.7] AndroidManifest.xml:12:5-20
MERGED from [com.githang:status-bar-compat:0.7] AndroidManifest.xml:12:5-20
MERGED from [com.aliyun.dpa:oss-android-sdk:2.9.2] AndroidManifest.xml:17:5-20:19
MERGED from [com.aliyun.dpa:oss-android-sdk:2.9.2] AndroidManifest.xml:17:5-20:19
	android:appComponentFactory
		ADDED from [com.android.support:support-compat:28.0.0] AndroidManifest.xml:22:18-91
	android:supportsRtl
		ADDED from src\main\AndroidManifest.xml:10:9-35
	android:label
		ADDED from src\main\AndroidManifest.xml:8:9-41
	android:roundIcon
		ADDED from src\main\AndroidManifest.xml:9:9-54
	android:icon
		ADDED from src\main\AndroidManifest.xml:7:9-43
	android:allowBackup
		ADDED from src\main\AndroidManifest.xml:6:9-35
	android:theme
		ADDED from src\main\AndroidManifest.xml:11:9-40
activity#com.bcm.havoc.akilometer2018123.MainActivity
ADDED from src\main\AndroidManifest.xml:12:9-18:20
	android:name
		ADDED from src\main\AndroidManifest.xml:12:19-47
intent-filter#action:name:android.intent.action.MAIN+category:name:android.intent.category.LAUNCHER
ADDED from src\main\AndroidManifest.xml:13:13-17:29
action#android.intent.action.MAIN
ADDED from src\main\AndroidManifest.xml:14:17-69
	android:name
		ADDED from src\main\AndroidManifest.xml:14:25-66
category#android.intent.category.LAUNCHER
ADDED from src\main\AndroidManifest.xml:16:17-77
	android:name
		ADDED from src\main\AndroidManifest.xml:16:27-74
uses-sdk
INJECTED from src\main\AndroidManifest.xml reason: use-sdk injection requested
INJECTED from src\main\AndroidManifest.xml
INJECTED from src\main\AndroidManifest.xml
MERGED from [:mylibrary] AndroidManifest.xml:7:5-9:41
MERGED from [:mylibrary] AndroidManifest.xml:7:5-9:41
MERGED from [cc.solart:turbo-recyclerview-helper:1.0.3-beta] AndroidManifest.xml:7:5-9:41
MERGED from [cc.solart:turbo-recyclerview-helper:1.0.3-beta] AndroidManifest.xml:7:5-9:41
MERGED from [liji.library.dev:citypickerview:0.9.0] AndroidManifest.xml:7:5-9:41
MERGED from [liji.library.dev:citypickerview:0.9.0] AndroidManifest.xml:7:5-9:41
MERGED from [com.jcodecraeer:xrecyclerview:1.3.2] AndroidManifest.xml:7:5-9:41
MERGED from [com.jcodecraeer:xrecyclerview:1.3.2] AndroidManifest.xml:7:5-9:41
MERGED from [com.android.support:design:28.0.0] AndroidManifest.xml:20:5-44
MERGED from [com.android.support:design:28.0.0] AndroidManifest.xml:20:5-44
MERGED from [com.android.support:appcompat-v7:28.0.0] AndroidManifest.xml:20:5-44
MERGED from [com.android.support:appcompat-v7:28.0.0] AndroidManifest.xml:20:5-44
MERGED from [com.github.CymChad:BaseRecyclerViewAdapterHelper:2.9.30] AndroidManifest.xml:7:5-9:41
MERGED from [com.github.CymChad:BaseRecyclerViewAdapterHelper:2.9.30] AndroidManifest.xml:7:5-9:41
MERGED from [org.xutils:xutils:3.3.36] AndroidManifest.xml:8:5-10:41
MERGED from [org.xutils:xutils:3.3.36] AndroidManifest.xml:8:5-10:41
MERGED from [pub.devrel:easypermissions:1.0.1] AndroidManifest.xml:7:5-9:41
MERGED from [pub.devrel:easypermissions:1.0.1] AndroidManifest.xml:7:5-9:41
MERGED from [com.android.support:support-v4:28.0.0] AndroidManifest.xml:20:5-44
MERGED from [com.android.support:support-v4:28.0.0] AndroidManifest.xml:20:5-44
MERGED from [com.android.support:recyclerview-v7:28.0.0] AndroidManifest.xml:20:5-44
MERGED from [com.android.support:recyclerview-v7:28.0.0] AndroidManifest.xml:20:5-44
MERGED from [com.android.support:animated-vector-drawable:28.0.0] AndroidManifest.xml:20:5-44
MERGED from [com.android.support:animated-vector-drawable:28.0.0] AndroidManifest.xml:20:5-44
MERGED from [com.github.bumptech.glide:glide:4.7.1] AndroidManifest.xml:7:5-9:41
MERGED from [com.github.bumptech.glide:glide:4.7.1] AndroidManifest.xml:7:5-9:41
MERGED from [com.android.support:support-fragment:28.0.0] AndroidManifest.xml:20:5-44
MERGED from [com.android.support:support-fragment:28.0.0] AndroidManifest.xml:20:5-44
MERGED from [com.android.support:support-core-ui:28.0.0] AndroidManifest.xml:20:5-44
MERGED from [com.android.support:support-core-ui:28.0.0] AndroidManifest.xml:20:5-44
MERGED from [com.android.support:support-core-utils:28.0.0] AndroidManifest.xml:20:5-44
MERGED from [com.android.support:support-core-utils:28.0.0] AndroidManifest.xml:20:5-44
MERGED from [com.android.support:loader:28.0.0] AndroidManifest.xml:20:5-44
MERGED from [com.android.support:loader:28.0.0] AndroidManifest.xml:20:5-44
MERGED from [com.android.support:viewpager:28.0.0] AndroidManifest.xml:20:5-44
MERGED from [com.android.support:viewpager:28.0.0] AndroidManifest.xml:20:5-44
MERGED from [com.android.support:coordinatorlayout:28.0.0] AndroidManifest.xml:20:5-44
MERGED from [com.android.support:coordinatorlayout:28.0.0] AndroidManifest.xml:20:5-44
MERGED from [com.android.support:drawerlayout:28.0.0] AndroidManifest.xml:20:5-44
MERGED from [com.android.support:drawerlayout:28.0.0] AndroidManifest.xml:20:5-44
MERGED from [com.android.support:slidingpanelayout:28.0.0] AndroidManifest.xml:20:5-44
MERGED from [com.android.support:slidingpanelayout:28.0.0] AndroidManifest.xml:20:5-44
MERGED from [com.android.support:customview:28.0.0] AndroidManifest.xml:20:5-44
MERGED from [com.android.support:customview:28.0.0] AndroidManifest.xml:20:5-44
MERGED from [com.android.support:swiperefreshlayout:28.0.0] AndroidManifest.xml:20:5-44
MERGED from [com.android.support:swiperefreshlayout:28.0.0] AndroidManifest.xml:20:5-44
MERGED from [com.android.support:asynclayoutinflater:28.0.0] AndroidManifest.xml:20:5-44
MERGED from [com.android.support:asynclayoutinflater:28.0.0] AndroidManifest.xml:20:5-44
MERGED from [com.android.support:support-media-compat:28.0.0] AndroidManifest.xml:20:5-44
MERGED from [com.android.support:support-media-compat:28.0.0] AndroidManifest.xml:20:5-44
MERGED from [com.android.support:support-vector-drawable:28.0.0] AndroidManifest.xml:20:5-44
MERGED from [com.android.support:support-vector-drawable:28.0.0] AndroidManifest.xml:20:5-44
MERGED from [com.android.support:transition:28.0.0] AndroidManifest.xml:20:5-44
MERGED from [com.android.support:transition:28.0.0] AndroidManifest.xml:20:5-44
MERGED from [com.android.support:support-compat:28.0.0] AndroidManifest.xml:20:5-44
MERGED from [com.android.support:support-compat:28.0.0] AndroidManifest.xml:20:5-44
MERGED from [com.android.support:versionedparcelable:28.0.0] AndroidManifest.xml:20:5-44
MERGED from [com.android.support:versionedparcelable:28.0.0] AndroidManifest.xml:20:5-44
MERGED from [com.android.support:cursoradapter:28.0.0] AndroidManifest.xml:20:5-44
MERGED from [com.android.support:cursoradapter:28.0.0] AndroidManifest.xml:20:5-44
MERGED from [android.arch.lifecycle:runtime:1.1.1] AndroidManifest.xml:20:5-44
MERGED from [android.arch.lifecycle:runtime:1.1.1] AndroidManifest.xml:20:5-44
MERGED from [com.android.support:documentfile:28.0.0] AndroidManifest.xml:20:5-44
MERGED from [com.android.support:documentfile:28.0.0] AndroidManifest.xml:20:5-44
MERGED from [com.android.support:localbroadcastmanager:28.0.0] AndroidManifest.xml:20:5-44
MERGED from [com.android.support:localbroadcastmanager:28.0.0] AndroidManifest.xml:20:5-44
MERGED from [com.android.support:print:28.0.0] AndroidManifest.xml:20:5-44
MERGED from [com.android.support:print:28.0.0] AndroidManifest.xml:20:5-44
MERGED from [android.arch.lifecycle:viewmodel:1.1.1] AndroidManifest.xml:20:5-44
MERGED from [android.arch.lifecycle:viewmodel:1.1.1] AndroidManifest.xml:20:5-44
MERGED from [com.android.support:interpolator:28.0.0] AndroidManifest.xml:20:5-44
MERGED from [com.android.support:interpolator:28.0.0] AndroidManifest.xml:20:5-44
MERGED from [android.arch.lifecycle:livedata:1.1.1] AndroidManifest.xml:20:5-44
MERGED from [android.arch.lifecycle:livedata:1.1.1] AndroidManifest.xml:20:5-44
MERGED from [android.arch.lifecycle:livedata-core:1.1.1] AndroidManifest.xml:20:5-44
MERGED from [android.arch.lifecycle:livedata-core:1.1.1] AndroidManifest.xml:20:5-44
MERGED from [android.arch.core:runtime:1.1.1] AndroidManifest.xml:20:5-44
MERGED from [android.arch.core:runtime:1.1.1] AndroidManifest.xml:20:5-44
MERGED from [com.android.support:cardview-v7:28.0.0] AndroidManifest.xml:20:5-44
MERGED from [com.android.support:cardview-v7:28.0.0] AndroidManifest.xml:20:5-44
MERGED from [com.github.bumptech.glide:gifdecoder:4.7.1] AndroidManifest.xml:5:5-7:41
MERGED from [com.github.bumptech.glide:gifdecoder:4.7.1] AndroidManifest.xml:5:5-7:41
MERGED from [com.jakewharton:butterknife:8.4.0] AndroidManifest.xml:5:5-43
MERGED from [com.jakewharton:butterknife:8.4.0] AndroidManifest.xml:5:5-43
MERGED from [cn.bingoogolapple:bga-qrcode-zxing:1.3.4] AndroidManifest.xml:5:5-7:41
MERGED from [cn.bingoogolapple:bga-qrcode-zxing:1.3.4] AndroidManifest.xml:5:5-7:41
MERGED from [cn.bingoogolapple:bga-qrcode-zbar:1.3.4] AndroidManifest.xml:5:5-7:41
MERGED from [cn.bingoogolapple:bga-qrcode-zbar:1.3.4] AndroidManifest.xml:5:5-7:41
MERGED from [cn.bingoogolapple:bga-photopicker:1.2.8] AndroidManifest.xml:5:5-7:41
MERGED from [cn.bingoogolapple:bga-photopicker:1.2.8] AndroidManifest.xml:5:5-7:41
MERGED from [cn.bingoogolapple:bga-baseadapter:1.2.9] AndroidManifest.xml:6:5-8:41
MERGED from [cn.bingoogolapple:bga-baseadapter:1.2.9] AndroidManifest.xml:6:5-8:41
MERGED from [cn.bingoogolapple:bga-flowlayout:1.0.0] AndroidManifest.xml:6:5-8:41
MERGED from [cn.bingoogolapple:bga-flowlayout:1.0.0] AndroidManifest.xml:6:5-8:41
MERGED from [com.facebook.fresco:fresco:1.3.0] AndroidManifest.xml:5:5-7:41
MERGED from [com.facebook.fresco:fresco:1.3.0] AndroidManifest.xml:5:5-7:41
MERGED from [com.facebook.fresco:animated-gif:1.3.0] AndroidManifest.xml:5:5-7:41
MERGED from [com.facebook.fresco:animated-gif:1.3.0] AndroidManifest.xml:5:5-7:41
MERGED from [com.squareup.leakcanary:leakcanary-android-no-op:1.5.1] AndroidManifest.xml:20:5-44
MERGED from [com.squareup.leakcanary:leakcanary-android-no-op:1.5.1] AndroidManifest.xml:20:5-44
MERGED from [com.wang.avi:library:2.1.3] AndroidManifest.xml:7:5-9:41
MERGED from [com.wang.avi:library:2.1.3] AndroidManifest.xml:7:5-9:41
MERGED from [com.githang:status-bar-compat:0.7] AndroidManifest.xml:8:5-10:41
MERGED from [com.githang:status-bar-compat:0.7] AndroidManifest.xml:8:5-10:41
MERGED from [io.reactivex:rxandroid:1.2.1] AndroidManifest.xml:19:5-43
MERGED from [io.reactivex:rxandroid:1.2.1] AndroidManifest.xml:19:5-43
MERGED from [com.aliyun.dpa:oss-android-sdk:2.9.2] AndroidManifest.xml:7:5-9:41
MERGED from [com.aliyun.dpa:oss-android-sdk:2.9.2] AndroidManifest.xml:7:5-9:41
MERGED from [com.android.support:multidex:1.0.1] AndroidManifest.xml:18:5-42
MERGED from [com.android.support:multidex:1.0.1] AndroidManifest.xml:18:5-42
MERGED from [cn.bingoogolapple:bga-qrcode-core:1.3.4] AndroidManifest.xml:5:5-7:41
MERGED from [cn.bingoogolapple:bga-qrcode-core:1.3.4] AndroidManifest.xml:5:5-7:41
MERGED from [com.facebook.fresco:drawee:1.3.0] AndroidManifest.xml:5:5-7:41
MERGED from [com.facebook.fresco:drawee:1.3.0] AndroidManifest.xml:5:5-7:41
MERGED from [com.facebook.fresco:animated-base:1.3.0] AndroidManifest.xml:5:5-7:41
MERGED from [com.facebook.fresco:animated-base:1.3.0] AndroidManifest.xml:5:5-7:41
MERGED from [com.facebook.fresco:imagepipeline:1.3.0] AndroidManifest.xml:5:5-7:41
MERGED from [com.facebook.fresco:imagepipeline:1.3.0] AndroidManifest.xml:5:5-7:41
MERGED from [com.facebook.fresco:imagepipeline-base:1.3.0] AndroidManifest.xml:5:5-7:41
MERGED from [com.facebook.fresco:imagepipeline-base:1.3.0] AndroidManifest.xml:5:5-7:41
MERGED from [com.facebook.fresco:fbcore:1.3.0] AndroidManifest.xml:5:5-7:41
MERGED from [com.facebook.fresco:fbcore:1.3.0] AndroidManifest.xml:5:5-7:41
INJECTED from src\main\AndroidManifest.xml
INJECTED from src\main\AndroidManifest.xml
	android:targetSdkVersion
		INJECTED from src\main\AndroidManifest.xml
		ADDED from src\main\AndroidManifest.xml
		INJECTED from src\main\AndroidManifest.xml
	android:minSdkVersion
		INJECTED from src\main\AndroidManifest.xml
		ADDED from src\main\AndroidManifest.xml
		INJECTED from src\main\AndroidManifest.xml
uses-permission#android.permission.ACCESS_COARSE_LOCATION
ADDED from [:mylibrary] AndroidManifest.xml:11:5-81
	android:name
		ADDED from [:mylibrary] AndroidManifest.xml:11:22-78
activity#pub.devrel.easypermissions.AppSettingsDialogHolderActivity
ADDED from [pub.devrel:easypermissions:1.0.1] AndroidManifest.xml:12:9-16:66
	android:label
		ADDED from [pub.devrel:easypermissions:1.0.1] AndroidManifest.xml:15:13-29
	android:exported
		ADDED from [pub.devrel:easypermissions:1.0.1] AndroidManifest.xml:14:13-37
	android:theme
		ADDED from [pub.devrel:easypermissions:1.0.1] AndroidManifest.xml:16:13-63
	android:name
		ADDED from [pub.devrel:easypermissions:1.0.1] AndroidManifest.xml:13:13-86
uses-permission#android.permission.READ_EXTERNAL_STORAGE
ADDED from [cn.bingoogolapple:bga-photopicker:1.2.8] AndroidManifest.xml:9:5-80
IMPLIED from src\main\AndroidManifest.xml:2:1-21:12 reason: cn.bingoogolapple.photopicker requested WRITE_EXTERNAL_STORAGE
	android:name
		ADDED from [cn.bingoogolapple:bga-photopicker:1.2.8] AndroidManifest.xml:9:22-77
uses-permission#android.permission.WRITE_EXTERNAL_STORAGE
ADDED from [cn.bingoogolapple:bga-photopicker:1.2.8] AndroidManifest.xml:10:5-81
MERGED from [com.aliyun.dpa:oss-android-sdk:2.9.2] AndroidManifest.xml:14:5-81
MERGED from [com.aliyun.dpa:oss-android-sdk:2.9.2] AndroidManifest.xml:14:5-81
	android:name
		ADDED from [cn.bingoogolapple:bga-photopicker:1.2.8] AndroidManifest.xml:10:22-78
uses-permission#android.permission.CAMERA
ADDED from [cn.bingoogolapple:bga-photopicker:1.2.8] AndroidManifest.xml:11:5-65
MERGED from [cn.bingoogolapple:bga-qrcode-core:1.3.4] AndroidManifest.xml:9:5-65
MERGED from [cn.bingoogolapple:bga-qrcode-core:1.3.4] AndroidManifest.xml:9:5-65
	android:name
		ADDED from [cn.bingoogolapple:bga-photopicker:1.2.8] AndroidManifest.xml:11:22-62
activity#cn.bingoogolapple.photopicker.activity.BGAPhotoPreviewActivity
ADDED from [cn.bingoogolapple:bga-photopicker:1.2.8] AndroidManifest.xml:16:9-21:63
	android:screenOrientation
		ADDED from [cn.bingoogolapple:bga-photopicker:1.2.8] AndroidManifest.xml:19:13-49
	android:windowSoftInputMode
		ADDED from [cn.bingoogolapple:bga-photopicker:1.2.8] AndroidManifest.xml:21:13-60
	android:configChanges
		ADDED from [cn.bingoogolapple:bga-photopicker:1.2.8] AndroidManifest.xml:18:13-74
	android:theme
		ADDED from [cn.bingoogolapple:bga-photopicker:1.2.8] AndroidManifest.xml:20:13-46
	android:name
		ADDED from [cn.bingoogolapple:bga-photopicker:1.2.8] AndroidManifest.xml:17:13-90
activity#cn.bingoogolapple.photopicker.activity.BGAPhotoPickerActivity
ADDED from [cn.bingoogolapple:bga-photopicker:1.2.8] AndroidManifest.xml:24:9-29:63
	android:screenOrientation
		ADDED from [cn.bingoogolapple:bga-photopicker:1.2.8] AndroidManifest.xml:27:13-49
	android:windowSoftInputMode
		ADDED from [cn.bingoogolapple:bga-photopicker:1.2.8] AndroidManifest.xml:29:13-60
	android:configChanges
		ADDED from [cn.bingoogolapple:bga-photopicker:1.2.8] AndroidManifest.xml:26:13-74
	android:theme
		ADDED from [cn.bingoogolapple:bga-photopicker:1.2.8] AndroidManifest.xml:28:13-46
	android:name
		ADDED from [cn.bingoogolapple:bga-photopicker:1.2.8] AndroidManifest.xml:25:13-89
activity#cn.bingoogolapple.photopicker.activity.BGAPhotoPickerPreviewActivity
ADDED from [cn.bingoogolapple:bga-photopicker:1.2.8] AndroidManifest.xml:32:9-37:63
	android:screenOrientation
		ADDED from [cn.bingoogolapple:bga-photopicker:1.2.8] AndroidManifest.xml:35:13-49
	android:windowSoftInputMode
		ADDED from [cn.bingoogolapple:bga-photopicker:1.2.8] AndroidManifest.xml:37:13-60
	android:configChanges
		ADDED from [cn.bingoogolapple:bga-photopicker:1.2.8] AndroidManifest.xml:34:13-74
	android:theme
		ADDED from [cn.bingoogolapple:bga-photopicker:1.2.8] AndroidManifest.xml:36:13-46
	android:name
		ADDED from [cn.bingoogolapple:bga-photopicker:1.2.8] AndroidManifest.xml:33:13-96
provider#cn.bingoogolapple.photopicker.util.BGAPhotoFileProvider
ADDED from [cn.bingoogolapple:bga-photopicker:1.2.8] AndroidManifest.xml:39:9-47:20
	android:grantUriPermissions
		ADDED from [cn.bingoogolapple:bga-photopicker:1.2.8] AndroidManifest.xml:43:13-47
	android:authorities
		ADDED from [cn.bingoogolapple:bga-photopicker:1.2.8] AndroidManifest.xml:41:13-82
	android:exported
		ADDED from [cn.bingoogolapple:bga-photopicker:1.2.8] AndroidManifest.xml:42:13-37
	android:name
		ADDED from [cn.bingoogolapple:bga-photopicker:1.2.8] AndroidManifest.xml:40:13-83
meta-data#android.support.FILE_PROVIDER_PATHS
ADDED from [cn.bingoogolapple:bga-photopicker:1.2.8] AndroidManifest.xml:44:13-46:71
	android:resource
		ADDED from [cn.bingoogolapple:bga-photopicker:1.2.8] AndroidManifest.xml:46:17-68
	android:name
		ADDED from [cn.bingoogolapple:bga-photopicker:1.2.8] AndroidManifest.xml:45:17-67
uses-permission#android.permission.INTERNET
ADDED from [com.aliyun.dpa:oss-android-sdk:2.9.2] AndroidManifest.xml:11:5-67
	android:name
		ADDED from [com.aliyun.dpa:oss-android-sdk:2.9.2] AndroidManifest.xml:11:22-64
uses-permission#android.permission.ACCESS_NETWORK_STATE
ADDED from [com.aliyun.dpa:oss-android-sdk:2.9.2] AndroidManifest.xml:12:5-79
	android:name
		ADDED from [com.aliyun.dpa:oss-android-sdk:2.9.2] AndroidManifest.xml:12:22-76
uses-permission#android.permission.ACCESS_WIFI_STATE
ADDED from [com.aliyun.dpa:oss-android-sdk:2.9.2] AndroidManifest.xml:13:5-76
	android:name
		ADDED from [com.aliyun.dpa:oss-android-sdk:2.9.2] AndroidManifest.xml:13:22-73
uses-permission#android.permission.CHANGE_WIFI_STATE
ADDED from [com.aliyun.dpa:oss-android-sdk:2.9.2] AndroidManifest.xml:15:5-76
	android:name
		ADDED from [com.aliyun.dpa:oss-android-sdk:2.9.2] AndroidManifest.xml:15:22-73
uses-permission#android.permission.FLASHLIGHT
ADDED from [cn.bingoogolapple:bga-qrcode-core:1.3.4] AndroidManifest.xml:10:5-69
	android:name
		ADDED from [cn.bingoogolapple:bga-qrcode-core:1.3.4] AndroidManifest.xml:10:22-66
uses-feature#android.hardware.camera.autofocus
ADDED from [cn.bingoogolapple:bga-qrcode-core:1.3.4] AndroidManifest.xml:12:5-14:36
	android:required
		ADDED from [cn.bingoogolapple:bga-qrcode-core:1.3.4] AndroidManifest.xml:14:9-33
	android:name
		ADDED from [cn.bingoogolapple:bga-qrcode-core:1.3.4] AndroidManifest.xml:13:9-57
uses-feature#android.hardware.camera.flash
ADDED from [cn.bingoogolapple:bga-qrcode-core:1.3.4] AndroidManifest.xml:15:5-17:36
	android:required
		ADDED from [cn.bingoogolapple:bga-qrcode-core:1.3.4] AndroidManifest.xml:17:9-33
	android:name
		ADDED from [cn.bingoogolapple:bga-qrcode-core:1.3.4] AndroidManifest.xml:16:9-53